\BOOKMARK [0][-]{titelblad.0}{Titelblad}{}% 1
\BOOKMARK [0][-]{indhold.0}{Indholdsfortegnelse}{}% 2
\BOOKMARK [0][-]{chapter.1}{Projektbeskrivelse}{}% 3
\BOOKMARK [1][-]{section.1.1}{Problemanalyse}{chapter.1}% 4
\BOOKMARK [1][-]{section.1.2}{Case - billeder p\345 mobiltelefoner}{chapter.1}% 5
\BOOKMARK [1][-]{section.1.3}{Problemformulering}{chapter.1}% 6
\BOOKMARK [1][-]{section.1.4}{Metode}{chapter.1}% 7
\BOOKMARK [1][-]{section.1.5}{Digitale billeder}{chapter.1}% 8
\BOOKMARK [1][-]{section.1.6}{Billedkomprimering}{chapter.1}% 9
\BOOKMARK [0][-]{chapter.2}{Billedkomprimering med diskret cosinustransformation}{}% 10
\BOOKMARK [1][-]{section.2.1}{Diskret Fouriertransformation}{chapter.2}% 11
\BOOKMARK [1][-]{section.2.2}{DCT anvendelse}{chapter.2}% 12
\BOOKMARK [0][-]{chapter.3}{Billedkomprimering med Principal Component Analysis}{}% 13
\BOOKMARK [1][-]{section.3.1}{Statistiske v\346rkt\370jer}{chapter.3}% 14
\BOOKMARK [1][-]{section.3.2}{Kovariansmatrix}{chapter.3}% 15
\BOOKMARK [1][-]{section.3.3}{Udregn PCA}{chapter.3}% 16
\BOOKMARK [1][-]{section.3.4}{Billedekomprimering med PCA}{chapter.3}% 17
\BOOKMARK [0][-]{chapter.4}{Resultater}{}% 18
\BOOKMARK [1][-]{section.4.1}{Komprimeringsgrad}{chapter.4}% 19
\BOOKMARK [1][-]{section.4.2}{Kvalitet}{chapter.4}% 20
\BOOKMARK [0][-]{chapter.5}{Vurdering}{}% 21
\BOOKMARK [1][-]{section.5.1}{Sammenligning - Lena}{chapter.5}% 22
\BOOKMARK [1][-]{section.5.2}{Vurdering af mobilbilleder}{chapter.5}% 23
\BOOKMARK [0][-]{chapter.6}{Konklusion}{}% 24
\BOOKMARK [1][-]{section.6.1}{Perspektivering}{chapter.6}% 25
\BOOKMARK [0][-]{section*.5}{Litteratur}{}% 26
\BOOKMARK [0][-]{appendiks.0}{Appendiks}{}% 27
\BOOKMARK [0][-]{appendix.A}{DCT udledning}{}% 28
\BOOKMARK [0][-]{appendix.B}{Huffmantr\346}{}% 29
\BOOKMARK [0][-]{appendix.C}{Positive egenv\346rdier}{}% 30
\BOOKMARK [1][-]{section.C.1}{Baggrund i line\346r algebra}{appendix.C}% 31
\BOOKMARK [0][-]{appendix.D}{Indhold i bilagsmappe}{}% 32
