\BOOKMARK [0][-]{titelblad.0}{Titelblad}{}% 1
\BOOKMARK [0][-]{indhold.0}{Indholdsfortegnelse}{}% 2
\BOOKMARK [0][-]{chapter.1}{Projektbeskrivelse}{}% 3
\BOOKMARK [1][-]{section.1.1}{Problemanalyse}{chapter.1}% 4
\BOOKMARK [2][-]{subsection.1.1.1}{Hastighed}{section.1.1}% 5
\BOOKMARK [1][-]{section.1.2}{Case - billeder p\345 mobiltelefoner}{chapter.1}% 6
\BOOKMARK [1][-]{section.1.3}{Problemformulering}{chapter.1}% 7
\BOOKMARK [1][-]{section.1.4}{Metode}{chapter.1}% 8
\BOOKMARK [1][-]{section.1.5}{Digitale billeder}{chapter.1}% 9
\BOOKMARK [1][-]{section.1.6}{Billedkomprimering}{chapter.1}% 10
\BOOKMARK [0][-]{chapter.2}{Billedkomprimering med diskret cosinustransformation}{}% 11
\BOOKMARK [1][-]{section.2.1}{Diskret Fouriertransformation}{chapter.2}% 12
\BOOKMARK [2][-]{subsection.2.1.1}{JPEG}{section.2.1}% 13
\BOOKMARK [2][-]{subsection.2.1.2}{Diskret Cosinustransformation}{section.2.1}% 14
\BOOKMARK [2][-]{subsection.2.1.3}{Eksempler p\345 brug af den diskrete cosinustransformation}{section.2.1}% 15
\BOOKMARK [2][-]{subsection.2.1.4}{Forbehandling af billede}{section.2.1}% 16
\BOOKMARK [2][-]{subsection.2.1.5}{Kvantisering}{section.2.1}% 17
\BOOKMARK [2][-]{subsection.2.1.6}{Entropikodning - Huffmankodning}{section.2.1}% 18
\BOOKMARK [1][-]{section.2.2}{DCT anvendelse}{chapter.2}% 19
\BOOKMARK [0][-]{chapter.3}{Billedkomprimering med Principal Component Analysis}{}% 20
\BOOKMARK [1][-]{section.3.1}{Statistiske v\346rkt\370jer}{chapter.3}% 21
\BOOKMARK [2][-]{subsection.3.1.1}{St\370j}{section.3.1}% 22
\BOOKMARK [2][-]{subsection.3.1.2}{Redundans}{section.3.1}% 23
\BOOKMARK [1][-]{section.3.2}{Kovariansmatrix}{chapter.3}% 24
\BOOKMARK [2][-]{subsection.3.2.1}{Gennemsnit}{section.3.2}% 25
\BOOKMARK [2][-]{subsection.3.2.2}{Varians og kovarians}{section.3.2}% 26
\BOOKMARK [2][-]{subsection.3.2.3}{Diagonalisering af kovariansmatricen}{section.3.2}% 27
\BOOKMARK [1][-]{section.3.3}{Udregn PCA}{chapter.3}% 28
\BOOKMARK [1][-]{section.3.4}{Billedekomprimering med PCA}{chapter.3}% 29
\BOOKMARK [0][-]{chapter.4}{Resultater}{}% 30
\BOOKMARK [1][-]{section.4.1}{Komprimeringsgrad}{chapter.4}% 31
\BOOKMARK [1][-]{section.4.2}{Kvalitet}{chapter.4}% 32
\BOOKMARK [0][-]{chapter.5}{Vurdering}{}% 33
\BOOKMARK [1][-]{section.5.1}{Sammenligning - Lena}{chapter.5}% 34
\BOOKMARK [2][-]{subsection.5.1.1}{Skalering af Lena}{section.5.1}% 35
\BOOKMARK [1][-]{section.5.2}{Vurdering af mobilbilleder}{chapter.5}% 36
\BOOKMARK [2][-]{subsection.5.2.1}{Fejlkilder}{section.5.2}% 37
\BOOKMARK [0][-]{chapter.6}{Konklusion}{}% 38
\BOOKMARK [1][-]{section.6.1}{Perspektivering}{chapter.6}% 39
\BOOKMARK [0][-]{section*.5}{Litteratur}{}% 40
\BOOKMARK [0][-]{appendiks.0}{Appendiks}{}% 41
\BOOKMARK [0][-]{appendix.A}{DCT udledning}{}% 42
\BOOKMARK [0][-]{appendix.B}{Huffmantr\346}{}% 43
\BOOKMARK [0][-]{appendix.C}{Positive egenv\346rdier}{}% 44
\BOOKMARK [1][-]{section.C.1}{Baggrund i line\346r algebra}{appendix.C}% 45
\BOOKMARK [0][-]{appendix.D}{Indhold i bilagsmappe}{}% 46
