\BOOKMARK [0][-]{titelblad.0}{Titelblad}{}% 1
\BOOKMARK [0][-]{indhold.0}{Indholdsfortegnelse}{}% 2
\BOOKMARK [0][-]{chapter.1}{Projektbeskrivelse}{}% 3
\BOOKMARK [1][-]{section.1.1}{Problemanalyse}{chapter.1}% 4
\BOOKMARK [1][-]{section.1.2}{Problemformulering}{chapter.1}% 5
\BOOKMARK [0][-]{chapter.2}{Digitale billeder}{}% 6
\BOOKMARK [1][-]{section.2.1}{Billedkomprimering}{chapter.2}% 7
\BOOKMARK [0][-]{chapter.3}{Billedkomprimering med diskret cosinustransformation}{}% 8
\BOOKMARK [1][-]{section.3.1}{Diskret Fouriertransformation}{chapter.3}% 9
\BOOKMARK [1][-]{section.3.2}{DCT anvendelse}{chapter.3}% 10
\BOOKMARK [0][-]{chapter.4}{Billedkomprimering med Principal Component Analysis}{}% 11
\BOOKMARK [1][-]{section.4.1}{Statistiske v\346rkt\370jer}{chapter.4}% 12
\BOOKMARK [1][-]{section.4.2}{Kovariansmatrix}{chapter.4}% 13
\BOOKMARK [1][-]{section.4.3}{Udregn PCA}{chapter.4}% 14
\BOOKMARK [1][-]{section.4.4}{Billedekomprimering med PCA}{chapter.4}% 15
\BOOKMARK [0][-]{chapter.5}{Resultater}{}% 16
\BOOKMARK [1][-]{section.5.1}{Komprimeringsgrad}{chapter.5}% 17
\BOOKMARK [1][-]{section.5.2}{Kvalitet}{chapter.5}% 18
\BOOKMARK [0][-]{chapter.6}{Vurdering}{}% 19
\BOOKMARK [1][-]{section.6.1}{Sammenligning - Lena}{chapter.6}% 20
\BOOKMARK [1][-]{section.6.2}{Vurdering af mobilbilleder}{chapter.6}% 21
\BOOKMARK [1][-]{section.6.3}{Fejlkilder}{chapter.6}% 22
\BOOKMARK [0][-]{chapter.7}{Konklusion}{}% 23
\BOOKMARK [1][-]{section.7.1}{Perspektivering}{chapter.7}% 24
\BOOKMARK [0][-]{section*.5}{Litteratur}{}% 25
\BOOKMARK [0][-]{appendiks.0}{Appendiks}{}% 26
\BOOKMARK [0][-]{appendix.A}{DCT udledning}{}% 27
\BOOKMARK [0][-]{appendix.B}{Huffmantr\346}{}% 28
\BOOKMARK [0][-]{appendix.C}{Bevis for positive egenv\346rdier}{}% 29
\BOOKMARK [0][-]{appendix.D}{Indhold i bilagsmappe}{}% 30
